<?xml version="1.0" encoding="UTF-8"?>
<testsuite xmlns:xsi="http://www.w3.org/2001/XMLSchema-instance" xsi:noNamespaceSchemaLocation="https://maven.apache.org/surefire/maven-surefire-plugin/xsd/surefire-test-report-3.0.xsd" version="3.0" name="TestSuite" time="105.618" tests="17" errors="0" skipped="0" failures="0">
  <properties>
[...]
</properties>
  <testcase name="feature[&quot;Login with given &apos;fav_user&apos; user&quot;, &quot;Optional[Login Feature]&quot;, com.browserstack.examples.core.ManagedWebDriver@6da4d5a3](1)" classname="com.browserstack.examples.tests.RunWebDriverCucumberTests" time="30.173">
    <system-out><![CDATA[19:23:01.284 [TestNG-test=Cucumber Tests-1] DEBUG com.browserstack.examples.core.WebDriverFactory - Using capabilities configuration from FILE :: capabilities.yml
19:23:17.507 [TestNG-test=Cucumber Tests-1] INFO com.browserstack.examples.core.config.LocalFactory - Started BrowserStack Local with identifier oGtwFDKd.
19:23:17.507 [TestNG-test=Cucumber Tests-1] DEBUG com.browserstack.examples.core.WebDriverFactory - Running tests on 4 active platforms.

@user @examples
Scenario Outline: Login with given 'fav_user' user &amp#27;[90m# features/login.feature:13&amp#27;[0m

@e2e
Scenario: End to End Scenario                                                                &amp#27;[90m# features/e2e.feature:4&amp#27;[0m

@user @examples
Scenario Outline: Login with given 'fav_user' user &amp#27;[90m# features/login.feature:13&amp#27;[0m

@e2e
Scenario: End to End Scenario                                                                &amp#27;[90m# features/e2e.feature:4&amp#27;[0m

@user @examples
Scenario Outline: Login with given 'image_not_loading_user' user &amp#27;[90m# features/login.feature:14&amp#27;[0m

@user @examples
Scenario Outline: Login with given 'image_not_loading_user' user &amp#27;[90m# features/login.feature:14&amp#27;[0m

@user @examples
Scenario Outline: Login with given 'fav_user' user &amp#27;[90m# features/login.feature:13&amp#27;[0m

@user @examples
Scenario Outline: Login with given 'fav_user' user &amp#27;[90m# features/login.feature:13&amp#27;[0m

@e2e
Scenario: End to End Scenario                                                                &amp#27;[90m# features/e2e.feature:4&amp#27;[0m

@e2e
Scenario: End to End Scenario                                                                &amp#27;[90m# features/e2e.feature:4&amp#27;[0m
khalidshaikh_Cc8Pao:hxV3ZVmYkXGJXRbiyrvW
khalidshaikh_Cc8Pao:hxV3ZVmYkXGJXRbiyrvW
khalidshaikh_Cc8Pao:hxV3ZVmYkXGJXRbiyrvW
khalidshaikh_Cc8Pao:hxV3ZVmYkXGJXRbiyrvW
khalidshaikh_Cc8Pao:hxV3ZVmYkXGJXRbiyrvW
khalidshaikh_Cc8Pao:hxV3ZVmYkXGJXRbiyrvW
khalidshaikh_Cc8Pao:hxV3ZVmYkXGJXRbiyrvW
khalidshaikh_Cc8Pao:hxV3ZVmYkXGJXRbiyrvW
khalidshaikh_Cc8Pao:hxV3ZVmYkXGJXRbiyrvW
khalidshaikh_Cc8Pao:hxV3ZVmYkXGJXRbiyrvW
  &amp#27;[32mGiven &amp#27;[0m&amp#27;[32mI navigate to website&amp#27;[0m                                                                &amp#27;[90m# com.browserstack.examples.stepdefs.CommonSteps.iNavigateToWebsite()&amp#27;[0m
  &amp#27;[32mAnd &amp#27;[0m&amp#27;[32mI SignIn as &amp#27;[0m&amp#27;[32m&amp#27;[1m"fav_user"&amp#27;[0m&amp#27;[32m with &amp#27;[0m&amp#27;[32m&amp#27;[1m"testingisfun99"&amp#27;[0m&amp#27;[32m password&amp#27;[0m                                  &amp#27;[90m# com.browserstack.examples.stepdefs.LoginPageSteps.iSignInAsWithPassword(java.lang.String,java.lang.String)&amp#27;[0m
  &amp#27;[32mAnd &amp#27;[0m&amp#27;[32mI add two products to cart&amp#27;[0m                                                             &amp#27;[90m# com.browserstack.examples.stepdefs.HomePageSteps.iAddProductsToCart()&amp#27;[0m
  &amp#27;[32mGiven &amp#27;[0m&amp#27;[32mI navigate to website&amp#27;[0m                      &amp#27;[90m# com.browserstack.examples.stepdefs.CommonSteps.iNavigateToWebsite()&amp#27;[0m
  &amp#27;[32mAnd &amp#27;[0m&amp#27;[32mI click on Buy Button&amp#27;[0m                                                                  &amp#27;[90m# com.browserstack.examples.stepdefs.HomePageSteps.iClickOnBuyButton()&amp#27;[0m
  &amp#27;[32mGiven &amp#27;[0m&amp#27;[32mI navigate to website&amp#27;[0m                      &amp#27;[90m# com.browserstack.examples.stepdefs.CommonSteps.iNavigateToWebsite()&amp#27;[0m
  &amp#27;[32mGiven &amp#27;[0m&amp#27;[32mI navigate to website&amp#27;[0m                                    &amp#27;[90m# com.browserstack.examples.stepdefs.CommonSteps.iNavigateToWebsite()&amp#27;[0m
  &amp#27;[32mAnd &amp#27;[0m&amp#27;[32mI click on &amp#27;[0m&amp#27;[32m&amp#27;[1m"Sign In"&amp#27;[0m&amp#27;[32m link&amp#27;[0m                    &amp#27;[90m# com.browserstack.examples.stepdefs.CommonSteps.iClickOnLink(java.lang.String)&amp#27;[0m
  &amp#27;[32mAnd &amp#27;[0m&amp#27;[32mI type &amp#27;[0m&amp#27;[32m&amp#27;[1m'fav_user'&amp#27;[0m&amp#27;[32m in &amp#27;[0m&amp#27;[32m&amp#27;[1m"username"&amp#27;[0m              &amp#27;[90m# com.browserstack.examples.stepdefs.CommonSteps.iTypeIn(java.lang.String,java.lang.String)&amp#27;[0m
  &amp#27;[32mAnd &amp#27;[0m&amp#27;[32mI enter shipping details &amp#27;[0m&amp#27;[32m&amp#27;[1m"first"&amp#27;[0m&amp#27;[32m, &amp#27;[0m&amp#27;[32m&amp#27;[1m"last"&amp#27;[0m&amp#27;[32m, &amp#27;[0m&amp#27;[32m&amp#27;[1m"test address"&amp#27;[0m&amp#27;[32m, &amp#27;[0m&amp#27;[32m&amp#27;[1m"test province"&amp#27;[0m&amp#27;[32m and &amp#27;[0m&amp#27;[32m&amp#27;[1m"123456"&amp#27;[0m &amp#27;[90m# com.browserstack.examples.stepdefs.CheckoutPageSteps.iEnterShippingDetailsAnd(java.lang.String,java.lang.String,java.lang.String,java.lang.String,java.lang.String)&amp#27;[0m
  &amp#27;[32mAnd &amp#27;[0m&amp#27;[32mI click on &amp#27;[0m&amp#27;[32m&amp#27;[1m"Sign In"&amp#27;[0m&amp#27;[32m link&amp#27;[0m                    &amp#27;[90m# com.browserstack.examples.stepdefs.CommonSteps.iClickOnLink(java.lang.String)&amp#27;[0m
  &amp#27;[32mAnd &amp#27;[0m&amp#27;[32mI click on &amp#27;[0m&amp#27;[32m&amp#27;[1m"Sign In"&amp#27;[0m&amp#27;[32m link&amp#27;[0m                                  &amp#27;[90m# com.browserstack.examples.stepdefs.CommonSteps.iClickOnLink(java.lang.String)&amp#27;[0m
  &amp#27;[32mGiven &amp#27;[0m&amp#27;[32mI navigate to website&amp#27;[0m                      &amp#27;[90m# com.browserstack.examples.stepdefs.CommonSteps.iNavigateToWebsite()&amp#27;[0m
  &amp#27;[32mAnd &amp#27;[0m&amp#27;[32mI type &amp#27;[0m&amp#27;[32m&amp#27;[1m'testingisfun99'&amp#27;[0m&amp#27;[32m in &amp#27;[0m&amp#27;[32m&amp#27;[1m"password"&amp#27;[0m        &amp#27;[90m# com.browserstack.examples.stepdefs.CommonSteps.iTypeIn(java.lang.String,java.lang.String)&amp#27;[0m
  &amp#27;[32mAnd &amp#27;[0m&amp#27;[32mI press Log In Button&amp#27;[0m                        &amp#27;[90m# com.browserstack.examples.stepdefs.LoginPageSteps.iPressLogin()&amp#27;[0m
  &amp#27;[32mAnd &amp#27;[0m&amp#27;[32mI click on Checkout Button&amp#27;[0m                                                             &amp#27;[90m# com.browserstack.examples.stepdefs.CheckoutPageSteps.iClickOnCheckoutButton()&amp#27;[0m
  &amp#27;[32mThen &amp#27;[0m&amp#27;[32mI should see user &amp#27;[0m&amp#27;[32m&amp#27;[1m'fav_user'&amp#27;[0m&amp#27;[32m logged in&amp#27;[0m      &amp#27;[90m# com.browserstack.examples.stepdefs.HomePageSteps.iShouldUserLoggedIn(java.lang.String)&amp#27;[0m
  &amp#27;[32mGiven &amp#27;[0m&amp#27;[32mI navigate to website&amp#27;[0m                                                                &amp#27;[90m# com.browserstack.examples.stepdefs.CommonSteps.iNavigateToWebsite()&amp#27;[0m
  &amp#27;[32mAnd &amp#27;[0m&amp#27;[32mI click on &amp#27;[0m&amp#27;[32m&amp#27;[1m"Orders"&amp#27;[0m&amp#27;[32m link&amp#27;[0m                                                               &amp#27;[90m# com.browserstack.examples.stepdefs.CommonSteps.iClickOnLink(java.lang.String)&amp#27;[0m
  &amp#27;[32mAnd &amp#27;[0m&amp#27;[32mI click on &amp#27;[0m&amp#27;[32m&amp#27;[1m"Sign In"&amp#27;[0m&amp#27;[32m link&amp#27;[0m                    &amp#27;[90m# com.browserstack.examples.stepdefs.CommonSteps.iClickOnLink(java.lang.String)&amp#27;[0m
]]></system-out>
    <system-err><![CDATA[Nov 18, 2021 7:23:26 PM org.openqa.selenium.remote.ProtocolHandshake createSession
INFO: Detected dialect: W3C
Nov 18, 2021 7:23:30 PM org.openqa.selenium.remote.ProtocolHandshake createSession
INFO: Detected dialect: OSS
Nov 18, 2021 7:23:31 PM org.openqa.selenium.remote.ProtocolHandshake createSession
INFO: Detected dialect: OSS
Nov 18, 2021 7:23:36 PM org.openqa.selenium.remote.ProtocolHandshake createSession
INFO: Detected dialect: W3C
Nov 18, 2021 7:23:37 PM org.openqa.selenium.remote.ProtocolHandshake createSession
INFO: Detected dialect: W3C
Nov 18, 2021 7:23:38 PM org.openqa.selenium.remote.ProtocolHandshake createSession
INFO: Detected dialect: W3C
Nov 18, 2021 7:23:42 PM org.openqa.selenium.remote.ProtocolHandshake createSession
INFO: Detected dialect: W3C
Nov 18, 2021 7:23:45 PM org.openqa.selenium.remote.ProtocolHandshake createSession
INFO: Detected dialect: OSS
]]></system-err>
  </testcase>
  <testcase name="feature[&quot;End to End Scenario&quot;, &quot;Optional[End to End Feature]&quot;, com.browserstack.examples.core.ManagedWebDriver@2ef58784](2)" classname="com.browserstack.examples.tests.RunWebDriverCucumberTests" time="3.224">
    <system-out><![CDATA[
@user @examples
Scenario Outline: Login with given 'image_not_loading_user' user &amp#27;[90m# features/login.feature:14&amp#27;[0m
khalidshaikh_Cc8Pao:hxV3ZVmYkXGJXRbiyrvW
  &amp#27;[32mGiven &amp#27;[0m&amp#27;[32mI navigate to website&amp#27;[0m                                    &amp#27;[90m# com.browserstack.examples.stepdefs.CommonSteps.iNavigateToWebsite()&amp#27;[0m
  &amp#27;[32mThen &amp#27;[0m&amp#27;[32mI should see elements in list&amp#27;[0m                                                         &amp#27;[90m# com.browserstack.examples.stepdefs.OrderPageSteps.iShouldSeeElementsInList()&amp#27;[0m
  &amp#27;[32mAnd &amp#27;[0m&amp#27;[32mI type &amp#27;[0m&amp#27;[32m&amp#27;[1m'fav_user'&amp#27;[0m&amp#27;[32m in &amp#27;[0m&amp#27;[32m&amp#27;[1m"username"&amp#27;[0m              &amp#27;[90m# com.browserstack.examples.stepdefs.CommonSteps.iTypeIn(java.lang.String,java.lang.String)&amp#27;[0m
  &amp#27;[32mAnd &amp#27;[0m&amp#27;[32mI click on &amp#27;[0m&amp#27;[32m&amp#27;[1m"Sign In"&amp#27;[0m&amp#27;[32m link&amp#27;[0m                                  &amp#27;[90m# com.browserstack.examples.stepdefs.CommonSteps.iClickOnLink(java.lang.String)&amp#27;[0m
  &amp#27;[32mAnd &amp#27;[0m&amp#27;[32mI type &amp#27;[0m&amp#27;[32m&amp#27;[1m'fav_user'&amp#27;[0m&amp#27;[32m in &amp#27;[0m&amp#27;[32m&amp#27;[1m"username"&amp#27;[0m              &amp#27;[90m# com.browserstack.examples.stepdefs.CommonSteps.iTypeIn(java.lang.String,java.lang.String)&amp#27;[0m
  &amp#27;[32mAnd &amp#27;[0m&amp#27;[32mI type &amp#27;[0m&amp#27;[32m&amp#27;[1m'image_not_loading_user'&amp#27;[0m&amp#27;[32m in &amp#27;[0m&amp#27;[32m&amp#27;[1m"username"&amp#27;[0m              &amp#27;[90m# com.browserstack.examples.stepdefs.CommonSteps.iTypeIn(java.lang.String,java.lang.String)&amp#27;[0m
]]></system-out>
    <system-err><![CDATA[Nov 18, 2021 7:23:48 PM org.openqa.selenium.remote.ProtocolHandshake createSession
INFO: Detected dialect: OSS
]]></system-err>
  </testcase>
  <testcase name="feature[&quot;Login with given &apos;fav_user&apos; user&quot;, &quot;Optional[Login Feature]&quot;, com.browserstack.examples.core.ManagedWebDriver@3e5dbe77](3)" classname="com.browserstack.examples.tests.RunWebDriverCucumberTests" time="6.097">
    <system-out><![CDATA[
@user @examples
Scenario Outline: Login with given 'image_not_loading_user' user &amp#27;[90m# features/login.feature:14&amp#27;[0m
khalidshaikh_Cc8Pao:hxV3ZVmYkXGJXRbiyrvW
  &amp#27;[32mAnd &amp#27;[0m&amp#27;[32mI SignIn as &amp#27;[0m&amp#27;[32m&amp#27;[1m"fav_user"&amp#27;[0m&amp#27;[32m with &amp#27;[0m&amp#27;[32m&amp#27;[1m"testingisfun99"&amp#27;[0m&amp#27;[32m password&amp#27;[0m                                  &amp#27;[90m# com.browserstack.examples.stepdefs.LoginPageSteps.iSignInAsWithPassword(java.lang.String,java.lang.String)&amp#27;[0m
  &amp#27;[32mAnd &amp#27;[0m&amp#27;[32mI type &amp#27;[0m&amp#27;[32m&amp#27;[1m'image_not_loading_user'&amp#27;[0m&amp#27;[32m in &amp#27;[0m&amp#27;[32m&amp#27;[1m"username"&amp#27;[0m              &amp#27;[90m# com.browserstack.examples.stepdefs.CommonSteps.iTypeIn(java.lang.String,java.lang.String)&amp#27;[0m
  &amp#27;[32mGiven &amp#27;[0m&amp#27;[32mI navigate to website&amp#27;[0m                      &amp#27;[90m# com.browserstack.examples.stepdefs.CommonSteps.iNavigateToWebsite()&amp#27;[0m
  &amp#27;[32mAnd &amp#27;[0m&amp#27;[32mI add two products to cart&amp#27;[0m                                                             &amp#27;[90m# com.browserstack.examples.stepdefs.HomePageSteps.iAddProductsToCart()&amp#27;[0m
  &amp#27;[32mAnd &amp#27;[0m&amp#27;[32mI type &amp#27;[0m&amp#27;[32m&amp#27;[1m'testingisfun99'&amp#27;[0m&amp#27;[32m in &amp#27;[0m&amp#27;[32m&amp#27;[1m"password"&amp#27;[0m        &amp#27;[90m# com.browserstack.examples.stepdefs.CommonSteps.iTypeIn(java.lang.String,java.lang.String)&amp#27;[0m
  &amp#27;[32mAnd &amp#27;[0m&amp#27;[32mI type &amp#27;[0m&amp#27;[32m&amp#27;[1m'testingisfun99'&amp#27;[0m&amp#27;[32m in &amp#27;[0m&amp#27;[32m&amp#27;[1m"password"&amp#27;[0m        &amp#27;[90m# com.browserstack.examples.stepdefs.CommonSteps.iTypeIn(java.lang.String,java.lang.String)&amp#27;[0m
  &amp#27;[32mAnd &amp#27;[0m&amp#27;[32mI click on Buy Button&amp#27;[0m                                                                  &amp#27;[90m# com.browserstack.examples.stepdefs.HomePageSteps.iClickOnBuyButton()&amp#27;[0m
  &amp#27;[32mAnd &amp#27;[0m&amp#27;[32mI press Log In Button&amp#27;[0m                        &amp#27;[90m# com.browserstack.examples.stepdefs.LoginPageSteps.iPressLogin()&amp#27;[0m
  &amp#27;[32mGiven &amp#27;[0m&amp#27;[32mI navigate to website&amp#27;[0m                                                                &amp#27;[90m# com.browserstack.examples.stepdefs.CommonSteps.iNavigateToWebsite()&amp#27;[0m
  &amp#27;[32mAnd &amp#27;[0m&amp#27;[32mI type &amp#27;[0m&amp#27;[32m&amp#27;[1m'testingisfun99'&amp#27;[0m&amp#27;[32m in &amp#27;[0m&amp#27;[32m&amp#27;[1m"password"&amp#27;[0m                      &amp#27;[90m# com.browserstack.examples.stepdefs.CommonSteps.iTypeIn(java.lang.String,java.lang.String)&amp#27;[0m
  &amp#27;[32mAnd &amp#27;[0m&amp#27;[32mI press Log In Button&amp#27;[0m                                      &amp#27;[90m# com.browserstack.examples.stepdefs.LoginPageSteps.iPressLogin()&amp#27;[0m
  &amp#27;[32mAnd &amp#27;[0m&amp#27;[32mI click on &amp#27;[0m&amp#27;[32m&amp#27;[1m"Sign In"&amp#27;[0m&amp#27;[32m link&amp#27;[0m                    &amp#27;[90m# com.browserstack.examples.stepdefs.CommonSteps.iClickOnLink(java.lang.String)&amp#27;[0m
  &amp#27;[32mAnd &amp#27;[0m&amp#27;[32mI type &amp#27;[0m&amp#27;[32m&amp#27;[1m'testingisfun99'&amp#27;[0m&amp#27;[32m in &amp#27;[0m&amp#27;[32m&amp#27;[1m"password"&amp#27;[0m                      &amp#27;[90m# com.browserstack.examples.stepdefs.CommonSteps.iTypeIn(java.lang.String,java.lang.String)&amp#27;[0m
  &amp#27;[32mThen &amp#27;[0m&amp#27;[32mI should see user &amp#27;[0m&amp#27;[32m&amp#27;[1m'fav_user'&amp#27;[0m&amp#27;[32m logged in&amp#27;[0m      &amp#27;[90m# com.browserstack.examples.stepdefs.HomePageSteps.iShouldUserLoggedIn(java.lang.String)&amp#27;[0m
  &amp#27;[32mAnd &amp#27;[0m&amp#27;[32mI enter shipping details &amp#27;[0m&amp#27;[32m&amp#27;[1m"first"&amp#27;[0m&amp#27;[32m, &amp#27;[0m&amp#27;[32m&amp#27;[1m"last"&amp#27;[0m&amp#27;[32m, &amp#27;[0m&amp#27;[32m&amp#27;[1m"test address"&amp#27;[0m&amp#27;[32m, &amp#27;[0m&amp#27;[32m&amp#27;[1m"test province"&amp#27;[0m&amp#27;[32m and &amp#27;[0m&amp#27;[32m&amp#27;[1m"123456"&amp#27;[0m &amp#27;[90m# com.browserstack.examples.stepdefs.CheckoutPageSteps.iEnterShippingDetailsAnd(java.lang.String,java.lang.String,java.lang.String,java.lang.String,java.lang.String)&amp#27;[0m
  &amp#27;[32mAnd &amp#27;[0m&amp#27;[32mI press Log In Button&amp#27;[0m                        &amp#27;[90m# com.browserstack.examples.stepdefs.LoginPageSteps.iPressLogin()&amp#27;[0m
  &amp#27;[32mThen &amp#27;[0m&amp#27;[32mI should see user &amp#27;[0m&amp#27;[32m&amp#27;[1m'image_not_loading_user'&amp#27;[0m&amp#27;[32m logged in&amp#27;[0m      &amp#27;[90m# com.browserstack.examples.stepdefs.HomePageSteps.iShouldUserLoggedIn(java.lang.String)&amp#27;[0m
]]></system-out>
    <system-err><![CDATA[Nov 18, 2021 7:23:55 PM org.openqa.selenium.remote.ProtocolHandshake createSession
INFO: Detected dialect: W3C
]]></system-err>
  </testcase>
  <testcase name="feature[&quot;Login with given &apos;image_not_loading_user&apos; user&quot;, &quot;Optional[Login Feature]&quot;, com.browserstack.examples.core.ManagedWebDriver@75d396c1](4)" classname="com.browserstack.examples.tests.RunWebDriverCucumberTests" time="1.315">
    <system-out><![CDATA[
@user @examples
Scenario Outline: Login with given 'existing_orders_user' user &amp#27;[90m# features/login.feature:15&amp#27;[0m
khalidshaikh_Cc8Pao:hxV3ZVmYkXGJXRbiyrvW
  &amp#27;[32mAnd &amp#27;[0m&amp#27;[32mI press Log In Button&amp#27;[0m                                      &amp#27;[90m# com.browserstack.examples.stepdefs.LoginPageSteps.iPressLogin()&amp#27;[0m
  &amp#27;[32mAnd &amp#27;[0m&amp#27;[32mI click on Checkout Button&amp#27;[0m                                                             &amp#27;[90m# com.browserstack.examples.stepdefs.CheckoutPageSteps.iClickOnCheckoutButton()&amp#27;[0m
  &amp#27;[32mAnd &amp#27;[0m&amp#27;[32mI click on &amp#27;[0m&amp#27;[32m&amp#27;[1m"Orders"&amp#27;[0m&amp#27;[32m link&amp#27;[0m                                                               &amp#27;[90m# com.browserstack.examples.stepdefs.CommonSteps.iClickOnLink(java.lang.String)&amp#27;[0m
]]></system-out>
  </testcase>
  <testcase name="feature[&quot;End to End Scenario&quot;, &quot;Optional[End to End Feature]&quot;, com.browserstack.examples.core.ManagedWebDriver@669ad6e5](5)" classname="com.browserstack.examples.tests.RunWebDriverCucumberTests" time="3.08">
    <system-out><![CDATA[
@user @examples
Scenario Outline: Login with given 'existing_orders_user' user &amp#27;[90m# features/login.feature:15&amp#27;[0m
khalidshaikh_Cc8Pao:hxV3ZVmYkXGJXRbiyrvW
  &amp#27;[32mThen &amp#27;[0m&amp#27;[32mI should see elements in list&amp#27;[0m                                                         &amp#27;[90m# com.browserstack.examples.stepdefs.OrderPageSteps.iShouldSeeElementsInList()&amp#27;[0m
  &amp#27;[32mGiven &amp#27;[0m&amp#27;[32mI navigate to website&amp#27;[0m                                    &amp#27;[90m# com.browserstack.examples.stepdefs.CommonSteps.iNavigateToWebsite()&amp#27;[0m
  &amp#27;[32mAnd &amp#27;[0m&amp#27;[32mI type &amp#27;[0m&amp#27;[32m&amp#27;[1m'fav_user'&amp#27;[0m&amp#27;[32m in &amp#27;[0m&amp#27;[32m&amp#27;[1m"username"&amp#27;[0m              &amp#27;[90m# com.browserstack.examples.stepdefs.CommonSteps.iTypeIn(java.lang.String,java.lang.String)&amp#27;[0m
  &amp#27;[32mThen &amp#27;[0m&amp#27;[32mI should see user &amp#27;[0m&amp#27;[32m&amp#27;[1m'fav_user'&amp#27;[0m&amp#27;[32m logged in&amp#27;[0m      &amp#27;[90m# com.browserstack.examples.stepdefs.HomePageSteps.iShouldUserLoggedIn(java.lang.String)&amp#27;[0m
  &amp#27;[32mThen &amp#27;[0m&amp#27;[32mI should see user &amp#27;[0m&amp#27;[32m&amp#27;[1m'image_not_loading_user'&amp#27;[0m&amp#27;[32m logged in&amp#27;[0m      &amp#27;[90m# com.browserstack.examples.stepdefs.HomePageSteps.iShouldUserLoggedIn(java.lang.String)&amp#27;[0m
  &amp#27;[32mAnd &amp#27;[0m&amp#27;[32mI click on &amp#27;[0m&amp#27;[32m&amp#27;[1m"Sign In"&amp#27;[0m&amp#27;[32m link&amp#27;[0m                                  &amp#27;[90m# com.browserstack.examples.stepdefs.CommonSteps.iClickOnLink(java.lang.String)&amp#27;[0m
]]></system-out>
  </testcase>
  <testcase name="feature[&quot;Login with given &apos;image_not_loading_user&apos; user&quot;, &quot;Optional[Login Feature]&quot;, com.browserstack.examples.core.ManagedWebDriver@3dda681e](6)" classname="com.browserstack.examples.tests.RunWebDriverCucumberTests" time="0.766">
    <system-out><![CDATA[
@user @examples
Scenario Outline: Login with given 'existing_orders_user' user &amp#27;[90m# features/login.feature:15&amp#27;[0m
khalidshaikh_Cc8Pao:hxV3ZVmYkXGJXRbiyrvW
]]></system-out>
    <system-err><![CDATA[Nov 18, 2021 7:24:02 PM org.openqa.selenium.remote.ProtocolHandshake createSession
INFO: Detected dialect: OSS
]]></system-err>
  </testcase>
  <testcase name="feature[&quot;Login with given &apos;fav_user&apos; user&quot;, &quot;Optional[Login Feature]&quot;, com.browserstack.examples.core.ManagedWebDriver@a315cc](7)" classname="com.browserstack.examples.tests.RunWebDriverCucumberTests" time="0.063">
    <system-out><![CDATA[
@user @examples
Scenario Outline: Login with given 'existing_orders_user' user &amp#27;[90m# features/login.feature:15&amp#27;[0m
khalidshaikh_Cc8Pao:hxV3ZVmYkXGJXRbiyrvW
]]></system-out>
  </testcase>
  <testcase name="feature[&quot;Login with given &apos;fav_user&apos; user&quot;, &quot;Optional[Login Feature]&quot;, com.browserstack.examples.core.ManagedWebDriver@5e3ca699](8)" classname="com.browserstack.examples.tests.RunWebDriverCucumberTests" time="6.493">
    <system-out><![CDATA[
@user
Scenario: Login as Locked User                                             &amp#27;[90m# features/login.feature:18&amp#27;[0m
khalidshaikh_Cc8Pao:hxV3ZVmYkXGJXRbiyrvW
  &amp#27;[32mAnd &amp#27;[0m&amp#27;[32mI type &amp#27;[0m&amp#27;[32m&amp#27;[1m'testingisfun99'&amp#27;[0m&amp#27;[32m in &amp#27;[0m&amp#27;[32m&amp#27;[1m"password"&amp#27;[0m        &amp#27;[90m# com.browserstack.examples.stepdefs.CommonSteps.iTypeIn(java.lang.String,java.lang.String)&amp#27;[0m
  &amp#27;[32mAnd &amp#27;[0m&amp#27;[32mI type &amp#27;[0m&amp#27;[32m&amp#27;[1m'image_not_loading_user'&amp#27;[0m&amp#27;[32m in &amp#27;[0m&amp#27;[32m&amp#27;[1m"username"&amp#27;[0m              &amp#27;[90m# com.browserstack.examples.stepdefs.CommonSteps.iTypeIn(java.lang.String,java.lang.String)&amp#27;[0m
  &amp#27;[32mAnd &amp#27;[0m&amp#27;[32mI press Log In Button&amp#27;[0m                        &amp#27;[90m# com.browserstack.examples.stepdefs.LoginPageSteps.iPressLogin()&amp#27;[0m
  &amp#27;[32mAnd &amp#27;[0m&amp#27;[32mI type &amp#27;[0m&amp#27;[32m&amp#27;[1m'testingisfun99'&amp#27;[0m&amp#27;[32m in &amp#27;[0m&amp#27;[32m&amp#27;[1m"password"&amp#27;[0m                      &amp#27;[90m# com.browserstack.examples.stepdefs.CommonSteps.iTypeIn(java.lang.String,java.lang.String)&amp#27;[0m
  &amp#27;[32mAnd &amp#27;[0m&amp#27;[32mI press Log In Button&amp#27;[0m                                      &amp#27;[90m# com.browserstack.examples.stepdefs.LoginPageSteps.iPressLogin()&amp#27;[0m
  &amp#27;[32mThen &amp#27;[0m&amp#27;[32mI should see user &amp#27;[0m&amp#27;[32m&amp#27;[1m'fav_user'&amp#27;[0m&amp#27;[32m logged in&amp#27;[0m      &amp#27;[90m# com.browserstack.examples.stepdefs.HomePageSteps.iShouldUserLoggedIn(java.lang.String)&amp#27;[0m
  &amp#27;[32mThen &amp#27;[0m&amp#27;[32mI should see user &amp#27;[0m&amp#27;[32m&amp#27;[1m'image_not_loading_user'&amp#27;[0m&amp#27;[32m logged in&amp#27;[0m      &amp#27;[90m# com.browserstack.examples.stepdefs.HomePageSteps.iShouldUserLoggedIn(java.lang.String)&amp#27;[0m
]]></system-out>
    <system-err><![CDATA[Nov 18, 2021 7:24:04 PM org.openqa.selenium.remote.ProtocolHandshake createSession
INFO: Detected dialect: OSS
Nov 18, 2021 7:24:06 PM org.openqa.selenium.remote.ProtocolHandshake createSession
INFO: Detected dialect: W3C
]]></system-err>
  </testcase>
  <testcase name="feature[&quot;Login with given &apos;image_not_loading_user&apos; user&quot;, &quot;Optional[Login Feature]&quot;, com.browserstack.examples.core.ManagedWebDriver@659df2cd](9)" classname="com.browserstack.examples.tests.RunWebDriverCucumberTests" time="0.577">
    <system-out><![CDATA[
@user
Scenario: Login as Locked User                                             &amp#27;[90m# features/login.feature:18&amp#27;[0m
khalidshaikh_Cc8Pao:hxV3ZVmYkXGJXRbiyrvW
]]></system-out>
  </testcase>
  <testcase name="feature[&quot;Login with given &apos;image_not_loading_user&apos; user&quot;, &quot;Optional[Login Feature]&quot;, com.browserstack.examples.core.ManagedWebDriver@182a2039](10)" classname="com.browserstack.examples.tests.RunWebDriverCucumberTests" time="13.459">
    <system-out><![CDATA[
@user
Scenario: Login as Locked User                                             &amp#27;[90m# features/login.feature:18&amp#27;[0m
khalidshaikh_Cc8Pao:hxV3ZVmYkXGJXRbiyrvW
  &amp#27;[32mGiven &amp#27;[0m&amp#27;[32mI navigate to website&amp#27;[0m                                                                &amp#27;[90m# com.browserstack.examples.stepdefs.CommonSteps.iNavigateToWebsite()&amp#27;[0m
  &amp#27;[32mGiven &amp#27;[0m&amp#27;[32mI navigate to website&amp#27;[0m                                    &amp#27;[90m# com.browserstack.examples.stepdefs.CommonSteps.iNavigateToWebsite()&amp#27;[0m
  &amp#27;[32mAnd &amp#27;[0m&amp#27;[32mI click on &amp#27;[0m&amp#27;[32m&amp#27;[1m"Sign In"&amp#27;[0m&amp#27;[32m link&amp#27;[0m                                  &amp#27;[90m# com.browserstack.examples.stepdefs.CommonSteps.iClickOnLink(java.lang.String)&amp#27;[0m
  &amp#27;[32mGiven &amp#27;[0m&amp#27;[32mI navigate to website&amp#27;[0m                                  &amp#27;[90m# com.browserstack.examples.stepdefs.CommonSteps.iNavigateToWebsite()&amp#27;[0m
  &amp#27;[32mAnd &amp#27;[0m&amp#27;[32mI SignIn as &amp#27;[0m&amp#27;[32m&amp#27;[1m"fav_user"&amp#27;[0m&amp#27;[32m with &amp#27;[0m&amp#27;[32m&amp#27;[1m"testingisfun99"&amp#27;[0m&amp#27;[32m password&amp#27;[0m                                  &amp#27;[90m# com.browserstack.examples.stepdefs.LoginPageSteps.iSignInAsWithPassword(java.lang.String,java.lang.String)&amp#27;[0m
  &amp#27;[32mAnd &amp#27;[0m&amp#27;[32mI click on &amp#27;[0m&amp#27;[32m&amp#27;[1m"Sign In"&amp#27;[0m&amp#27;[32m link&amp#27;[0m                                &amp#27;[90m# com.browserstack.examples.stepdefs.CommonSteps.iClickOnLink(java.lang.String)&amp#27;[0m
  &amp#27;[32mAnd &amp#27;[0m&amp#27;[32mI type &amp#27;[0m&amp#27;[32m&amp#27;[1m'image_not_loading_user'&amp#27;[0m&amp#27;[32m in &amp#27;[0m&amp#27;[32m&amp#27;[1m"username"&amp#27;[0m              &amp#27;[90m# com.browserstack.examples.stepdefs.CommonSteps.iTypeIn(java.lang.String,java.lang.String)&amp#27;[0m
  &amp#27;[32mGiven &amp#27;[0m&amp#27;[32mI navigate to website&amp#27;[0m                                              &amp#27;[90m# com.browserstack.examples.stepdefs.CommonSteps.iNavigateToWebsite()&amp#27;[0m
  &amp#27;[32mAnd &amp#27;[0m&amp#27;[32mI type &amp#27;[0m&amp#27;[32m&amp#27;[1m'existing_orders_user'&amp#27;[0m&amp#27;[32m in &amp#27;[0m&amp#27;[32m&amp#27;[1m"username"&amp#27;[0m              &amp#27;[90m# com.browserstack.examples.stepdefs.CommonSteps.iTypeIn(java.lang.String,java.lang.String)&amp#27;[0m
  &amp#27;[32mAnd &amp#27;[0m&amp#27;[32mI click on &amp#27;[0m&amp#27;[32m&amp#27;[1m"Sign In"&amp#27;[0m&amp#27;[32m link&amp#27;[0m                                            &amp#27;[90m# com.browserstack.examples.stepdefs.CommonSteps.iClickOnLink(java.lang.String)&amp#27;[0m
  &amp#27;[32mGiven &amp#27;[0m&amp#27;[32mI navigate to website&amp#27;[0m                                  &amp#27;[90m# com.browserstack.examples.stepdefs.CommonSteps.iNavigateToWebsite()&amp#27;[0m
  &amp#27;[32mAnd &amp#27;[0m&amp#27;[32mI type &amp#27;[0m&amp#27;[32m&amp#27;[1m'testingisfun99'&amp#27;[0m&amp#27;[32m in &amp#27;[0m&amp#27;[32m&amp#27;[1m"password"&amp#27;[0m                      &amp#27;[90m# com.browserstack.examples.stepdefs.CommonSteps.iTypeIn(java.lang.String,java.lang.String)&amp#27;[0m
  &amp#27;[32mAnd &amp#27;[0m&amp#27;[32mI type &amp#27;[0m&amp#27;[32m&amp#27;[1m'testingisfun99'&amp#27;[0m&amp#27;[32m in &amp#27;[0m&amp#27;[32m&amp#27;[1m"password"&amp#27;[0m                    &amp#27;[90m# com.browserstack.examples.stepdefs.CommonSteps.iTypeIn(java.lang.String,java.lang.String)&amp#27;[0m
  &amp#27;[32mAnd &amp#27;[0m&amp#27;[32mI click on &amp#27;[0m&amp#27;[32m&amp#27;[1m"Sign In"&amp#27;[0m&amp#27;[32m link&amp#27;[0m                                &amp#27;[90m# com.browserstack.examples.stepdefs.CommonSteps.iClickOnLink(java.lang.String)&amp#27;[0m
  &amp#27;[32mAnd &amp#27;[0m&amp#27;[32mI press Log In Button&amp#27;[0m                                    &amp#27;[90m# com.browserstack.examples.stepdefs.LoginPageSteps.iPressLogin()&amp#27;[0m
  &amp#27;[32mAnd &amp#27;[0m&amp#27;[32mI press Log In Button&amp#27;[0m                                      &amp#27;[90m# com.browserstack.examples.stepdefs.LoginPageSteps.iPressLogin()&amp#27;[0m
  &amp#27;[32mAnd &amp#27;[0m&amp#27;[32mI type &amp#27;[0m&amp#27;[32m&amp#27;[1m"locked_user"&amp#27;[0m&amp#27;[32m in &amp#27;[0m&amp#27;[32m&amp#27;[1m"username"&amp#27;[0m                                   &amp#27;[90m# com.browserstack.examples.stepdefs.CommonSteps.iTypeIn(java.lang.String,java.lang.String)&amp#27;[0m
  &amp#27;[32mGiven &amp#27;[0m&amp#27;[32mI navigate to website&amp#27;[0m                                  &amp#27;[90m# com.browserstack.examples.stepdefs.CommonSteps.iNavigateToWebsite()&amp#27;[0m
  &amp#27;[32mAnd &amp#27;[0m&amp#27;[32mI type &amp#27;[0m&amp#27;[32m&amp#27;[1m"testingisfun99"&amp#27;[0m&amp#27;[32m in &amp#27;[0m&amp#27;[32m&amp#27;[1m"password"&amp#27;[0m                                &amp#27;[90m# com.browserstack.examples.stepdefs.CommonSteps.iTypeIn(java.lang.String,java.lang.String)&amp#27;[0m
  &amp#27;[32mThen &amp#27;[0m&amp#27;[32mI should see user &amp#27;[0m&amp#27;[32m&amp#27;[1m'image_not_loading_user'&amp#27;[0m&amp#27;[32m logged in&amp#27;[0m      &amp#27;[90m# com.browserstack.examples.stepdefs.HomePageSteps.iShouldUserLoggedIn(java.lang.String)&amp#27;[0m
  &amp#27;[32mAnd &amp#27;[0m&amp#27;[32mI press Log In Button&amp#27;[0m                                                &amp#27;[90m# com.browserstack.examples.stepdefs.LoginPageSteps.iPressLogin()&amp#27;[0m
  &amp#27;[32mThen &amp#27;[0m&amp#27;[32mI should see user &amp#27;[0m&amp#27;[32m&amp#27;[1m'existing_orders_user'&amp#27;[0m&amp#27;[32m logged in&amp#27;[0m      &amp#27;[90m# com.browserstack.examples.stepdefs.HomePageSteps.iShouldUserLoggedIn(java.lang.String)&amp#27;[0m
  &amp#27;[32mGiven &amp#27;[0m&amp#27;[32mI navigate to website&amp#27;[0m                                  &amp#27;[90m# com.browserstack.examples.stepdefs.CommonSteps.iNavigateToWebsite()&amp#27;[0m
  &amp#27;[32mAnd &amp#27;[0m&amp#27;[32mI type &amp#27;[0m&amp#27;[32m&amp#27;[1m'existing_orders_user'&amp#27;[0m&amp#27;[32m in &amp#27;[0m&amp#27;[32m&amp#27;[1m"username"&amp#27;[0m              &amp#27;[90m# com.browserstack.examples.stepdefs.CommonSteps.iTypeIn(java.lang.String,java.lang.String)&amp#27;[0m
]]></system-out>
    <system-err><![CDATA[Nov 18, 2021 7:24:12 PM org.openqa.selenium.remote.ProtocolHandshake createSession
INFO: Detected dialect: OSS
Nov 18, 2021 7:24:13 PM org.openqa.selenium.remote.ProtocolHandshake createSession
INFO: Detected dialect: W3C
Nov 18, 2021 7:24:13 PM org.openqa.selenium.remote.ProtocolHandshake createSession
INFO: Detected dialect: OSS
Nov 18, 2021 7:24:14 PM org.openqa.selenium.remote.ProtocolHandshake createSession
INFO: Detected dialect: W3C
Nov 18, 2021 7:24:15 PM org.openqa.selenium.remote.ProtocolHandshake createSession
INFO: Detected dialect: W3C
Nov 18, 2021 7:24:16 PM org.openqa.selenium.remote.ProtocolHandshake createSession
INFO: Detected dialect: OSS
]]></system-err>
  </testcase>
  <testcase name="feature[&quot;Login with given &apos;existing_orders_user&apos; user&quot;, &quot;Optional[Login Feature]&quot;, com.browserstack.examples.core.ManagedWebDriver@2ce67493](11)" classname="com.browserstack.examples.tests.RunWebDriverCucumberTests" time="0.217">
    <system-out><![CDATA[
@user
Scenario: Login as Locked User                                             &amp#27;[90m# features/login.feature:18&amp#27;[0m
khalidshaikh_Cc8Pao:hxV3ZVmYkXGJXRbiyrvW
  &amp#27;[32mGiven &amp#27;[0m&amp#27;[32mI navigate to website&amp#27;[0m                                              &amp#27;[90m# com.browserstack.examples.stepdefs.CommonSteps.iNavigateToWebsite()&amp#27;[0m
]]></system-out>
  </testcase>
  <testcase name="feature[&quot;Login as Locked User&quot;, &quot;Optional[Login Feature]&quot;, com.browserstack.examples.core.ManagedWebDriver@1bbf1e4a](12)" classname="com.browserstack.examples.tests.RunWebDriverCucumberTests" time="1.539">
    <system-out><![CDATA[
@offers
Scenario: Offers for Mumbai location                        &amp#27;[90m# features/offers.feature:4&amp#27;[0m
khalidshaikh_Cc8Pao:hxV3ZVmYkXGJXRbiyrvW
  &amp#27;[32mAnd &amp#27;[0m&amp#27;[32mI click on &amp#27;[0m&amp#27;[32m&amp#27;[1m"Sign In"&amp#27;[0m&amp#27;[32m link&amp#27;[0m                                &amp#27;[90m# com.browserstack.examples.stepdefs.CommonSteps.iClickOnLink(java.lang.String)&amp#27;[0m
  &amp#27;[32mThen &amp#27;[0m&amp#27;[32mI should see &amp#27;[0m&amp#27;[32m&amp#27;[1m"Your account has been locked."&amp#27;[0m&amp#27;[32m as Login Error Message&amp#27;[0m &amp#27;[90m# com.browserstack.examples.stepdefs.LoginPageSteps.iShouldSeeAsLoginErrorMessage(java.lang.String)&amp#27;[0m
  &amp#27;[32mGiven &amp#27;[0m&amp#27;[32mI navigate to website&amp#27;[0m                                              &amp#27;[90m# com.browserstack.examples.stepdefs.CommonSteps.iNavigateToWebsite()&amp#27;[0m
]]></system-out>
  </testcase>
  <testcase name="feature[&quot;Login with given &apos;existing_orders_user&apos; user&quot;, &quot;Optional[Login Feature]&quot;, com.browserstack.examples.core.ManagedWebDriver@2f5036e8](13)" classname="com.browserstack.examples.tests.RunWebDriverCucumberTests" time="4.069">
    <system-out><![CDATA[
@offers
Scenario: Offers for Mumbai location                        &amp#27;[90m# features/offers.feature:4&amp#27;[0m
khalidshaikh_Cc8Pao:hxV3ZVmYkXGJXRbiyrvW
  &amp#27;[32mAnd &amp#27;[0m&amp#27;[32mI click on &amp#27;[0m&amp#27;[32m&amp#27;[1m"Sign In"&amp#27;[0m&amp#27;[32m link&amp#27;[0m                                            &amp#27;[90m# com.browserstack.examples.stepdefs.CommonSteps.iClickOnLink(java.lang.String)&amp#27;[0m
  &amp#27;[32mAnd &amp#27;[0m&amp#27;[32mI click on &amp#27;[0m&amp#27;[32m&amp#27;[1m"Sign In"&amp#27;[0m&amp#27;[32m link&amp#27;[0m                                &amp#27;[90m# com.browserstack.examples.stepdefs.CommonSteps.iClickOnLink(java.lang.String)&amp#27;[0m
  &amp#27;[32mAnd &amp#27;[0m&amp#27;[32mI type &amp#27;[0m&amp#27;[32m&amp#27;[1m'testingisfun99'&amp#27;[0m&amp#27;[32m in &amp#27;[0m&amp#27;[32m&amp#27;[1m"password"&amp#27;[0m                    &amp#27;[90m# com.browserstack.examples.stepdefs.CommonSteps.iTypeIn(java.lang.String,java.lang.String)&amp#27;[0m
  &amp#27;[32mAnd &amp#27;[0m&amp#27;[32mI press Log In Button&amp#27;[0m                                    &amp#27;[90m# com.browserstack.examples.stepdefs.LoginPageSteps.iPressLogin()&amp#27;[0m
  &amp#27;[32mAnd &amp#27;[0m&amp#27;[32mI add two products to cart&amp#27;[0m                                                             &amp#27;[90m# com.browserstack.examples.stepdefs.HomePageSteps.iAddProductsToCart()&amp#27;[0m
  &amp#27;[32mAnd &amp#27;[0m&amp#27;[32mI click on &amp#27;[0m&amp#27;[32m&amp#27;[1m"Sign In"&amp#27;[0m&amp#27;[32m link&amp#27;[0m                                            &amp#27;[90m# com.browserstack.examples.stepdefs.CommonSteps.iClickOnLink(java.lang.String)&amp#27;[0m
  &amp#27;[32mAnd &amp#27;[0m&amp#27;[32mI type &amp#27;[0m&amp#27;[32m&amp#27;[1m"locked_user"&amp#27;[0m&amp#27;[32m in &amp#27;[0m&amp#27;[32m&amp#27;[1m"username"&amp#27;[0m                                   &amp#27;[90m# com.browserstack.examples.stepdefs.CommonSteps.iTypeIn(java.lang.String,java.lang.String)&amp#27;[0m
  &amp#27;[32mThen &amp#27;[0m&amp#27;[32mI should see user &amp#27;[0m&amp#27;[32m&amp#27;[1m'existing_orders_user'&amp#27;[0m&amp#27;[32m logged in&amp#27;[0m      &amp#27;[90m# com.browserstack.examples.stepdefs.HomePageSteps.iShouldUserLoggedIn(java.lang.String)&amp#27;[0m
  &amp#27;[32mAnd &amp#27;[0m&amp#27;[32mI type &amp#27;[0m&amp#27;[32m&amp#27;[1m'existing_orders_user'&amp#27;[0m&amp#27;[32m in &amp#27;[0m&amp#27;[32m&amp#27;[1m"username"&amp#27;[0m              &amp#27;[90m# com.browserstack.examples.stepdefs.CommonSteps.iTypeIn(java.lang.String,java.lang.String)&amp#27;[0m
]]></system-out>
  </testcase>
  <testcase name="feature[&quot;Login as Locked User&quot;, &quot;Optional[Login Feature]&quot;, com.browserstack.examples.core.ManagedWebDriver@7e9316fb](14)" classname="com.browserstack.examples.tests.RunWebDriverCucumberTests" time="4.587">
    <system-out><![CDATA[
@offers
Scenario: Offers for Mumbai location                        &amp#27;[90m# features/offers.feature:4&amp#27;[0m
khalidshaikh_Cc8Pao:hxV3ZVmYkXGJXRbiyrvW
  &amp#27;[32mAnd &amp#27;[0m&amp#27;[32mI SignIn as &amp#27;[0m&amp#27;[32m&amp#27;[1m"fav_user"&amp#27;[0m&amp#27;[32m with &amp#27;[0m&amp#27;[32m&amp#27;[1m"testingisfun99"&amp#27;[0m&amp#27;[32m password&amp#27;[0m                                  &amp#27;[90m# com.browserstack.examples.stepdefs.LoginPageSteps.iSignInAsWithPassword(java.lang.String,java.lang.String)&amp#27;[0m
  &amp#27;[32mAnd &amp#27;[0m&amp#27;[32mI type &amp#27;[0m&amp#27;[32m&amp#27;[1m"testingisfun99"&amp#27;[0m&amp#27;[32m in &amp#27;[0m&amp#27;[32m&amp#27;[1m"password"&amp#27;[0m                                &amp#27;[90m# com.browserstack.examples.stepdefs.CommonSteps.iTypeIn(java.lang.String,java.lang.String)&amp#27;[0m
  &amp#27;[32mAnd &amp#27;[0m&amp#27;[32mI press Log In Button&amp#27;[0m                                                &amp#27;[90m# com.browserstack.examples.stepdefs.LoginPageSteps.iPressLogin()&amp#27;[0m
  &amp#27;[32mAnd &amp#27;[0m&amp#27;[32mI click on Buy Button&amp#27;[0m                                                                  &amp#27;[90m# com.browserstack.examples.stepdefs.HomePageSteps.iClickOnBuyButton()&amp#27;[0m
  &amp#27;[32mAnd &amp#27;[0m&amp#27;[32mI type &amp#27;[0m&amp#27;[32m&amp#27;[1m'existing_orders_user'&amp#27;[0m&amp#27;[32m in &amp#27;[0m&amp#27;[32m&amp#27;[1m"username"&amp#27;[0m              &amp#27;[90m# com.browserstack.examples.stepdefs.CommonSteps.iTypeIn(java.lang.String,java.lang.String)&amp#27;[0m
  &amp#27;[32mThen &amp#27;[0m&amp#27;[32mI should see &amp#27;[0m&amp#27;[32m&amp#27;[1m"Your account has been locked."&amp#27;[0m&amp#27;[32m as Login Error Message&amp#27;[0m &amp#27;[90m# com.browserstack.examples.stepdefs.LoginPageSteps.iShouldSeeAsLoginErrorMessage(java.lang.String)&amp#27;[0m
  &amp#27;[32mAnd &amp#27;[0m&amp#27;[32mI type &amp#27;[0m&amp#27;[32m&amp#27;[1m'testingisfun99'&amp#27;[0m&amp#27;[32m in &amp#27;[0m&amp#27;[32m&amp#27;[1m"password"&amp#27;[0m                    &amp#27;[90m# com.browserstack.examples.stepdefs.CommonSteps.iTypeIn(java.lang.String,java.lang.String)&amp#27;[0m
  &amp#27;[32mAnd &amp#27;[0m&amp#27;[32mI type &amp#27;[0m&amp#27;[32m&amp#27;[1m"locked_user"&amp#27;[0m&amp#27;[32m in &amp#27;[0m&amp#27;[32m&amp#27;[1m"username"&amp#27;[0m                                   &amp#27;[90m# com.browserstack.examples.stepdefs.CommonSteps.iTypeIn(java.lang.String,java.lang.String)&amp#27;[0m
]]></system-out>
    <system-err><![CDATA[Nov 18, 2021 7:24:32 PM org.openqa.selenium.remote.ProtocolHandshake createSession
INFO: Detected dialect: OSS
Nov 18, 2021 7:24:33 PM org.openqa.selenium.remote.ProtocolHandshake createSession
INFO: Detected dialect: W3C
]]></system-err>
  </testcase>
  <testcase name="feature[&quot;Login with given &apos;existing_orders_user&apos; user&quot;, &quot;Optional[Login Feature]&quot;, com.browserstack.examples.core.ManagedWebDriver@349d154e](15)" classname="com.browserstack.examples.tests.RunWebDriverCucumberTests" time="4.1">
    <system-out><![CDATA[
@offers
Scenario: Offers for Mumbai location                        &amp#27;[90m# features/offers.feature:4&amp#27;[0m
khalidshaikh_Cc8Pao:hxV3ZVmYkXGJXRbiyrvW
  &amp#27;[32mAnd &amp#27;[0m&amp#27;[32mI press Log In Button&amp#27;[0m                                    &amp#27;[90m# com.browserstack.examples.stepdefs.LoginPageSteps.iPressLogin()&amp#27;[0m
  &amp#27;[32mAnd &amp#27;[0m&amp#27;[32mI type &amp#27;[0m&amp#27;[32m&amp#27;[1m'testingisfun99'&amp#27;[0m&amp#27;[32m in &amp#27;[0m&amp#27;[32m&amp#27;[1m"password"&amp#27;[0m                    &amp#27;[90m# com.browserstack.examples.stepdefs.CommonSteps.iTypeIn(java.lang.String,java.lang.String)&amp#27;[0m
  &amp#27;[32mAnd &amp#27;[0m&amp#27;[32mI enter shipping details &amp#27;[0m&amp#27;[32m&amp#27;[1m"first"&amp#27;[0m&amp#27;[32m, &amp#27;[0m&amp#27;[32m&amp#27;[1m"last"&amp#27;[0m&amp#27;[32m, &amp#27;[0m&amp#27;[32m&amp#27;[1m"test address"&amp#27;[0m&amp#27;[32m, &amp#27;[0m&amp#27;[32m&amp#27;[1m"test province"&amp#27;[0m&amp#27;[32m and &amp#27;[0m&amp#27;[32m&amp#27;[1m"123456"&amp#27;[0m &amp#27;[90m# com.browserstack.examples.stepdefs.CheckoutPageSteps.iEnterShippingDetailsAnd(java.lang.String,java.lang.String,java.lang.String,java.lang.String,java.lang.String)&amp#27;[0m
  &amp#27;[32mThen &amp#27;[0m&amp#27;[32mI should see user &amp#27;[0m&amp#27;[32m&amp#27;[1m'existing_orders_user'&amp#27;[0m&amp#27;[32m logged in&amp#27;[0m      &amp#27;[90m# com.browserstack.examples.stepdefs.HomePageSteps.iShouldUserLoggedIn(java.lang.String)&amp#27;[0m
  &amp#27;[32mAnd &amp#27;[0m&amp#27;[32mI press Log In Button&amp#27;[0m                                    &amp#27;[90m# com.browserstack.examples.stepdefs.LoginPageSteps.iPressLogin()&amp#27;[0m
]]></system-out>
  </testcase>
  <testcase name="feature[&quot;Login with given &apos;existing_orders_user&apos; user&quot;, &quot;Optional[Login Feature]&quot;, com.browserstack.examples.core.ManagedWebDriver@3ba3d668](16)" classname="com.browserstack.examples.tests.RunWebDriverCucumberTests" time="3.102">
    <system-out><![CDATA[
@filter
Scenario: Apply Apple Vendor Filter     &amp#27;[90m# features/product.feature:4&amp#27;[0m
khalidshaikh_Cc8Pao:hxV3ZVmYkXGJXRbiyrvW
  &amp#27;[32mAnd &amp#27;[0m&amp#27;[32mI type &amp#27;[0m&amp#27;[32m&amp#27;[1m"testingisfun99"&amp#27;[0m&amp#27;[32m in &amp#27;[0m&amp#27;[32m&amp#27;[1m"password"&amp#27;[0m                                &amp#27;[90m# com.browserstack.examples.stepdefs.CommonSteps.iTypeIn(java.lang.String,java.lang.String)&amp#27;[0m
  &amp#27;[32mThen &amp#27;[0m&amp#27;[32mI should see user &amp#27;[0m&amp#27;[32m&amp#27;[1m'existing_orders_user'&amp#27;[0m&amp#27;[32m logged in&amp#27;[0m      &amp#27;[90m# com.browserstack.examples.stepdefs.HomePageSteps.iShouldUserLoggedIn(java.lang.String)&amp#27;[0m
  &amp#27;[32mAnd &amp#27;[0m&amp#27;[32mI add two products to cart&amp#27;[0m                                                             &amp#27;[90m# com.browserstack.examples.stepdefs.HomePageSteps.iAddProductsToCart()&amp#27;[0m
  &amp#27;[32mAnd &amp#27;[0m&amp#27;[32mI press Log In Button&amp#27;[0m                                                &amp#27;[90m# com.browserstack.examples.stepdefs.LoginPageSteps.iPressLogin()&amp#27;[0m
  &amp#27;[32mGiven &amp#27;[0m&amp#27;[32mI navigate to website&amp#27;[0m                               &amp#27;[90m# com.browserstack.examples.stepdefs.CommonSteps.iNavigateToWebsite()&amp#27;[0m
]]></system-out>
    <system-err><![CDATA[Nov 18, 2021 7:24:37 PM org.openqa.selenium.remote.ProtocolHandshake createSession
INFO: Detected dialect: OSS
Nov 18, 2021 7:24:39 PM org.openqa.selenium.remote.ProtocolHandshake createSession
INFO: Detected dialect: W3C
]]></system-err>
  </testcase>
  <testcase name="feature[&quot;Login as Locked User&quot;, &quot;Optional[Login Feature]&quot;, com.browserstack.examples.core.ManagedWebDriver@1ce6b125](17)" classname="com.browserstack.examples.tests.RunWebDriverCucumberTests" time="2.018">
    <system-out><![CDATA[
@filter
Scenario: Apply Apple Vendor Filter     &amp#27;[90m# features/product.feature:4&amp#27;[0m
khalidshaikh_Cc8Pao:hxV3ZVmYkXGJXRbiyrvW
  &amp#27;[32mThen &amp#27;[0m&amp#27;[32mI should see &amp#27;[0m&amp#27;[32m&amp#27;[1m"Your account has been locked."&amp#27;[0m&amp#27;[32m as Login Error Message&amp#27;[0m &amp#27;[90m# com.browserstack.examples.stepdefs.LoginPageSteps.iShouldSeeAsLoginErrorMessage(java.lang.String)&amp#27;[0m
  &amp#27;[32mAnd &amp#27;[0m&amp#27;[32mI click on Buy Button&amp#27;[0m                                                                  &amp#27;[90m# com.browserstack.examples.stepdefs.HomePageSteps.iClickOnBuyButton()&amp#27;[0m
]]></system-out>
  </testcase>
</testsuite>