<?xml version="1.0" encoding="UTF-8"?>
<testng-results ignored="0" total="17" passed="17" failed="0" skipped="0">
  <reporter-output>
  </reporter-output>
  <suite started-at="2021-11-18T19:23:00 IST" name="BDD Test Suite" finished-at="2021-11-18T19:24:45 IST" duration-ms="104718">
    <groups>
      <group name="cucumber">
        <method signature="RunWebDriverCucumberTests.feature(io.cucumber.testng.PickleWrapper,io.cucumber.testng.FeatureWrapper,com.browserstack.examples.core.ManagedWebDriver)[pri:0, instance:com.browserstack.examples.tests.RunWebDriverCucumberTests@2aece37d]" name="feature" class="com.browserstack.examples.tests.RunWebDriverCucumberTests"/>
      </group> <!-- cucumber -->
    </groups>
    <test started-at="2021-11-18T19:23:00 IST" name="Cucumber Tests" finished-at="2021-11-18T19:24:45 IST" duration-ms="104718">
      <class name="com.browserstack.examples.tests.RunWebDriverCucumberTests">
        <test-method is-config="true" signature="setUpClass()[pri:0, instance:com.browserstack.examples.tests.RunWebDriverCucumberTests@2aece37d]" started-at="2021-11-18T19:23:00 IST" name="setUpClass" finished-at="2021-11-18T19:23:17 IST" duration-ms="17152" status="PASS">
          <reporter-output>
          </reporter-output>
        </test-method> <!-- setUpClass -->
        <test-method signature="feature(io.cucumber.testng.PickleWrapper,io.cucumber.testng.FeatureWrapper,com.browserstack.examples.core.ManagedWebDriver)[pri:0, instance:com.browserstack.examples.tests.RunWebDriverCucumberTests@2aece37d]" started-at="2021-11-18T19:23:17 IST" name="feature" description="Runs Cucumber Feature" data-provider="scenarios" finished-at="2021-11-18T19:24:02 IST" duration-ms="44731" status="PASS">
          <params>
            <param index="0">
              <value>
                <![CDATA["Login with given 'fav_user' user"]]>
              </value>
            </param>
            <param index="1">
              <value>
                <![CDATA["Optional[Login Feature]"]]>
              </value>
            </param>
            <param index="2">
              <value>
                <![CDATA[com.browserstack.examples.core.ManagedWebDriver@a315cc]]>
              </value>
            </param>
          </params>
          <reporter-output>
          </reporter-output>
        </test-method> <!-- feature -->
        <test-method signature="feature(io.cucumber.testng.PickleWrapper,io.cucumber.testng.FeatureWrapper,com.browserstack.examples.core.ManagedWebDriver)[pri:0, instance:com.browserstack.examples.tests.RunWebDriverCucumberTests@2aece37d]" started-at="2021-11-18T19:23:17 IST" name="feature" description="Runs Cucumber Feature" data-provider="scenarios" finished-at="2021-11-18T19:23:50 IST" duration-ms="33406" status="PASS">
          <params>
            <param index="0">
              <value>
                <![CDATA["End to End Scenario"]]>
              </value>
            </param>
            <param index="1">
              <value>
                <![CDATA["Optional[End to End Feature]"]]>
              </value>
            </param>
            <param index="2">
              <value>
                <![CDATA[com.browserstack.examples.core.ManagedWebDriver@2ef58784]]>
              </value>
            </param>
          </params>
          <reporter-output>
          </reporter-output>
        </test-method> <!-- feature -->
        <test-method signature="feature(io.cucumber.testng.PickleWrapper,io.cucumber.testng.FeatureWrapper,com.browserstack.examples.core.ManagedWebDriver)[pri:0, instance:com.browserstack.examples.tests.RunWebDriverCucumberTests@2aece37d]" started-at="2021-11-18T19:23:17 IST" name="feature" description="Runs Cucumber Feature" data-provider="scenarios" finished-at="2021-11-18T19:23:57 IST" duration-ms="39498" status="PASS">
          <params>
            <param index="0">
              <value>
                <![CDATA["Login with given 'fav_user' user"]]>
              </value>
            </param>
            <param index="1">
              <value>
                <![CDATA["Optional[Login Feature]"]]>
              </value>
            </param>
            <param index="2">
              <value>
                <![CDATA[com.browserstack.examples.core.ManagedWebDriver@3e5dbe77]]>
              </value>
            </param>
          </params>
          <reporter-output>
          </reporter-output>
        </test-method> <!-- feature -->
        <test-method signature="feature(io.cucumber.testng.PickleWrapper,io.cucumber.testng.FeatureWrapper,com.browserstack.examples.core.ManagedWebDriver)[pri:0, instance:com.browserstack.examples.tests.RunWebDriverCucumberTests@2aece37d]" started-at="2021-11-18T19:23:17 IST" name="feature" description="Runs Cucumber Feature" data-provider="scenarios" finished-at="2021-11-18T19:24:01 IST" duration-ms="43898" status="PASS">
          <params>
            <param index="0">
              <value>
                <![CDATA["End to End Scenario"]]>
              </value>
            </param>
            <param index="1">
              <value>
                <![CDATA["Optional[End to End Feature]"]]>
              </value>
            </param>
            <param index="2">
              <value>
                <![CDATA[com.browserstack.examples.core.ManagedWebDriver@669ad6e5]]>
              </value>
            </param>
          </params>
          <reporter-output>
          </reporter-output>
        </test-method> <!-- feature -->
        <test-method signature="feature(io.cucumber.testng.PickleWrapper,io.cucumber.testng.FeatureWrapper,com.browserstack.examples.core.ManagedWebDriver)[pri:0, instance:com.browserstack.examples.tests.RunWebDriverCucumberTests@2aece37d]" started-at="2021-11-18T19:23:17 IST" name="feature" description="Runs Cucumber Feature" data-provider="scenarios" finished-at="2021-11-18T19:23:47 IST" duration-ms="30162" status="PASS">
          <params>
            <param index="0">
              <value>
                <![CDATA["Login with given 'fav_user' user"]]>
              </value>
            </param>
            <param index="1">
              <value>
                <![CDATA["Optional[Login Feature]"]]>
              </value>
            </param>
            <param index="2">
              <value>
                <![CDATA[com.browserstack.examples.core.ManagedWebDriver@6da4d5a3]]>
              </value>
            </param>
          </params>
          <reporter-output>
          </reporter-output>
        </test-method> <!-- feature -->
        <test-method signature="feature(io.cucumber.testng.PickleWrapper,io.cucumber.testng.FeatureWrapper,com.browserstack.examples.core.ManagedWebDriver)[pri:0, instance:com.browserstack.examples.tests.RunWebDriverCucumberTests@2aece37d]" started-at="2021-11-18T19:23:17 IST" name="feature" description="Runs Cucumber Feature" data-provider="scenarios" finished-at="2021-11-18T19:24:08 IST" duration-ms="51222" status="PASS">
          <params>
            <param index="0">
              <value>
                <![CDATA["Login with given 'fav_user' user"]]>
              </value>
            </param>
            <param index="1">
              <value>
                <![CDATA["Optional[Login Feature]"]]>
              </value>
            </param>
            <param index="2">
              <value>
                <![CDATA[com.browserstack.examples.core.ManagedWebDriver@5e3ca699]]>
              </value>
            </param>
          </params>
          <reporter-output>
          </reporter-output>
        </test-method> <!-- feature -->
        <test-method signature="feature(io.cucumber.testng.PickleWrapper,io.cucumber.testng.FeatureWrapper,com.browserstack.examples.core.ManagedWebDriver)[pri:0, instance:com.browserstack.examples.tests.RunWebDriverCucumberTests@2aece37d]" started-at="2021-11-18T19:23:17 IST" name="feature" description="Runs Cucumber Feature" data-provider="scenarios" finished-at="2021-11-18T19:24:02 IST" duration-ms="44662" status="PASS">
          <params>
            <param index="0">
              <value>
                <![CDATA["Login with given 'image_not_loading_user' user"]]>
              </value>
            </param>
            <param index="1">
              <value>
                <![CDATA["Optional[Login Feature]"]]>
              </value>
            </param>
            <param index="2">
              <value>
                <![CDATA[com.browserstack.examples.core.ManagedWebDriver@3dda681e]]>
              </value>
            </param>
          </params>
          <reporter-output>
          </reporter-output>
        </test-method> <!-- feature -->
        <test-method signature="feature(io.cucumber.testng.PickleWrapper,io.cucumber.testng.FeatureWrapper,com.browserstack.examples.core.ManagedWebDriver)[pri:0, instance:com.browserstack.examples.tests.RunWebDriverCucumberTests@2aece37d]" started-at="2021-11-18T19:23:17 IST" name="feature" description="Runs Cucumber Feature" data-provider="scenarios" finished-at="2021-11-18T19:23:58 IST" duration-ms="40810" status="PASS">
          <params>
            <param index="0">
              <value>
                <![CDATA["Login with given 'image_not_loading_user' user"]]>
              </value>
            </param>
            <param index="1">
              <value>
                <![CDATA["Optional[Login Feature]"]]>
              </value>
            </param>
            <param index="2">
              <value>
                <![CDATA[com.browserstack.examples.core.ManagedWebDriver@75d396c1]]>
              </value>
            </param>
          </params>
          <reporter-output>
          </reporter-output>
        </test-method> <!-- feature -->
        <test-method signature="feature(io.cucumber.testng.PickleWrapper,io.cucumber.testng.FeatureWrapper,com.browserstack.examples.core.ManagedWebDriver)[pri:0, instance:com.browserstack.examples.tests.RunWebDriverCucumberTests@2aece37d]" started-at="2021-11-18T19:23:47 IST" name="feature" description="Runs Cucumber Feature" data-provider="scenarios" finished-at="2021-11-18T19:24:09 IST" duration-ms="21637" status="PASS">
          <params>
            <param index="0">
              <value>
                <![CDATA["Login with given 'image_not_loading_user' user"]]>
              </value>
            </param>
            <param index="1">
              <value>
                <![CDATA["Optional[Login Feature]"]]>
              </value>
            </param>
            <param index="2">
              <value>
                <![CDATA[com.browserstack.examples.core.ManagedWebDriver@659df2cd]]>
              </value>
            </param>
          </params>
          <reporter-output>
          </reporter-output>
        </test-method> <!-- feature -->
        <test-method signature="feature(io.cucumber.testng.PickleWrapper,io.cucumber.testng.FeatureWrapper,com.browserstack.examples.core.ManagedWebDriver)[pri:0, instance:com.browserstack.examples.tests.RunWebDriverCucumberTests@2aece37d]" started-at="2021-11-18T19:23:50 IST" name="feature" description="Runs Cucumber Feature" data-provider="scenarios" finished-at="2021-11-18T19:24:22 IST" duration-ms="31850" status="PASS">
          <params>
            <param index="0">
              <value>
                <![CDATA["Login with given 'image_not_loading_user' user"]]>
              </value>
            </param>
            <param index="1">
              <value>
                <![CDATA["Optional[Login Feature]"]]>
              </value>
            </param>
            <param index="2">
              <value>
                <![CDATA[com.browserstack.examples.core.ManagedWebDriver@182a2039]]>
              </value>
            </param>
          </params>
          <reporter-output>
          </reporter-output>
        </test-method> <!-- feature -->
        <test-method signature="feature(io.cucumber.testng.PickleWrapper,io.cucumber.testng.FeatureWrapper,com.browserstack.examples.core.ManagedWebDriver)[pri:0, instance:com.browserstack.examples.tests.RunWebDriverCucumberTests@2aece37d]" started-at="2021-11-18T19:23:57 IST" name="feature" description="Runs Cucumber Feature" data-provider="scenarios" finished-at="2021-11-18T19:24:40 IST" duration-ms="43374" status="PASS">
          <params>
            <param index="0">
              <value>
                <![CDATA["Login with given 'existing_orders_user' user"]]>
              </value>
            </param>
            <param index="1">
              <value>
                <![CDATA["Optional[Login Feature]"]]>
              </value>
            </param>
            <param index="2">
              <value>
                <![CDATA[com.browserstack.examples.core.ManagedWebDriver@3ba3d668]]>
              </value>
            </param>
          </params>
          <reporter-output>
          </reporter-output>
        </test-method> <!-- feature -->
        <test-method signature="feature(io.cucumber.testng.PickleWrapper,io.cucumber.testng.FeatureWrapper,com.browserstack.examples.core.ManagedWebDriver)[pri:0, instance:com.browserstack.examples.tests.RunWebDriverCucumberTests@2aece37d]" started-at="2021-11-18T19:23:58 IST" name="feature" description="Runs Cucumber Feature" data-provider="scenarios" finished-at="2021-11-18T19:24:23 IST" duration-ms="24660" status="PASS">
          <params>
            <param index="0">
              <value>
                <![CDATA["Login with given 'existing_orders_user' user"]]>
              </value>
            </param>
            <param index="1">
              <value>
                <![CDATA["Optional[Login Feature]"]]>
              </value>
            </param>
            <param index="2">
              <value>
                <![CDATA[com.browserstack.examples.core.ManagedWebDriver@2ce67493]]>
              </value>
            </param>
          </params>
          <reporter-output>
          </reporter-output>
        </test-method> <!-- feature -->
        <test-method signature="feature(io.cucumber.testng.PickleWrapper,io.cucumber.testng.FeatureWrapper,com.browserstack.examples.core.ManagedWebDriver)[pri:0, instance:com.browserstack.examples.tests.RunWebDriverCucumberTests@2aece37d]" started-at="2021-11-18T19:24:01 IST" name="feature" description="Runs Cucumber Feature" data-provider="scenarios" finished-at="2021-11-18T19:24:28 IST" duration-ms="27185" status="PASS">
          <params>
            <param index="0">
              <value>
                <![CDATA["Login with given 'existing_orders_user' user"]]>
              </value>
            </param>
            <param index="1">
              <value>
                <![CDATA["Optional[Login Feature]"]]>
              </value>
            </param>
            <param index="2">
              <value>
                <![CDATA[com.browserstack.examples.core.ManagedWebDriver@2f5036e8]]>
              </value>
            </param>
          </params>
          <reporter-output>
          </reporter-output>
        </test-method> <!-- feature -->
        <test-method signature="feature(io.cucumber.testng.PickleWrapper,io.cucumber.testng.FeatureWrapper,com.browserstack.examples.core.ManagedWebDriver)[pri:0, instance:com.browserstack.examples.tests.RunWebDriverCucumberTests@2aece37d]" started-at="2021-11-18T19:24:02 IST" name="feature" description="Runs Cucumber Feature" data-provider="scenarios" finished-at="2021-11-18T19:24:37 IST" duration-ms="35104" status="PASS">
          <params>
            <param index="0">
              <value>
                <![CDATA["Login with given 'existing_orders_user' user"]]>
              </value>
            </param>
            <param index="1">
              <value>
                <![CDATA["Optional[Login Feature]"]]>
              </value>
            </param>
            <param index="2">
              <value>
                <![CDATA[com.browserstack.examples.core.ManagedWebDriver@349d154e]]>
              </value>
            </param>
          </params>
          <reporter-output>
          </reporter-output>
        </test-method> <!-- feature -->
        <test-method signature="feature(io.cucumber.testng.PickleWrapper,io.cucumber.testng.FeatureWrapper,com.browserstack.examples.core.ManagedWebDriver)[pri:0, instance:com.browserstack.examples.tests.RunWebDriverCucumberTests@2aece37d]" started-at="2021-11-18T19:24:02 IST" name="feature" description="Runs Cucumber Feature" data-provider="scenarios" finished-at="2021-11-18T19:24:42 IST" duration-ms="40162" status="PASS">
          <params>
            <param index="0">
              <value>
                <![CDATA["Login as Locked User"]]>
              </value>
            </param>
            <param index="1">
              <value>
                <![CDATA["Optional[Login Feature]"]]>
              </value>
            </param>
            <param index="2">
              <value>
                <![CDATA[com.browserstack.examples.core.ManagedWebDriver@1ce6b125]]>
              </value>
            </param>
          </params>
          <reporter-output>
          </reporter-output>
        </test-method> <!-- feature -->
        <test-method signature="feature(io.cucumber.testng.PickleWrapper,io.cucumber.testng.FeatureWrapper,com.browserstack.examples.core.ManagedWebDriver)[pri:0, instance:com.browserstack.examples.tests.RunWebDriverCucumberTests@2aece37d]" started-at="2021-11-18T19:24:08 IST" name="feature" description="Runs Cucumber Feature" data-provider="scenarios" finished-at="2021-11-18T19:24:33 IST" duration-ms="24447" status="PASS">
          <params>
            <param index="0">
              <value>
                <![CDATA["Login as Locked User"]]>
              </value>
            </param>
            <param index="1">
              <value>
                <![CDATA["Optional[Login Feature]"]]>
              </value>
            </param>
            <param index="2">
              <value>
                <![CDATA[com.browserstack.examples.core.ManagedWebDriver@7e9316fb]]>
              </value>
            </param>
          </params>
          <reporter-output>
          </reporter-output>
        </test-method> <!-- feature -->
        <test-method signature="feature(io.cucumber.testng.PickleWrapper,io.cucumber.testng.FeatureWrapper,com.browserstack.examples.core.ManagedWebDriver)[pri:0, instance:com.browserstack.examples.tests.RunWebDriverCucumberTests@2aece37d]" started-at="2021-11-18T19:24:09 IST" name="feature" description="Runs Cucumber Feature" data-provider="scenarios" finished-at="2021-11-18T19:24:24 IST" duration-ms="15214" status="PASS">
          <params>
            <param index="0">
              <value>
                <![CDATA["Login as Locked User"]]>
              </value>
            </param>
            <param index="1">
              <value>
                <![CDATA["Optional[Login Feature]"]]>
              </value>
            </param>
            <param index="2">
              <value>
                <![CDATA[com.browserstack.examples.core.ManagedWebDriver@1bbf1e4a]]>
              </value>
            </param>
          </params>
          <reporter-output>
          </reporter-output>
        </test-method> <!-- feature -->
        <test-method is-config="true" signature="tearDownClass()[pri:0, instance:com.browserstack.examples.tests.RunWebDriverCucumberTests@2aece37d]" started-at="2021-11-18T19:24:44 IST" name="tearDownClass" finished-at="2021-11-18T19:24:45 IST" duration-ms="494" status="PASS">
          <reporter-output>
          </reporter-output>
        </test-method> <!-- tearDownClass -->
      </class> <!-- com.browserstack.examples.tests.RunWebDriverCucumberTests -->
    </test> <!-- Cucumber Tests -->
  </suite> <!-- BDD Test Suite -->
</testng-results>
