<?xml version="1.0" encoding="UTF-8"?>
<!-- Generated by org.testng.reporters.JUnitXMLReporter -->
<testsuite ignored="0" hostname="Khalids-MacBook-Pro.local" failures="0" tests="17" name="Cucumber Tests" time="104.718" errors="0" timestamp="2021-11-18T19:24:45 IST">
  <testcase classname="com.browserstack.examples.tests.RunWebDriverCucumberTests" name="feature" time="30.162"/>
  <testcase classname="com.browserstack.examples.tests.RunWebDriverCucumberTests" name="feature" time="33.406"/>
  <testcase classname="com.browserstack.examples.tests.RunWebDriverCucumberTests" name="feature" time="39.498"/>
  <testcase classname="com.browserstack.examples.tests.RunWebDriverCucumberTests" name="feature" time="40.81"/>
  <testcase classname="com.browserstack.examples.tests.RunWebDriverCucumberTests" name="feature" time="43.898"/>
  <testcase classname="com.browserstack.examples.tests.RunWebDriverCucumberTests" name="feature" time="44.662"/>
  <testcase classname="com.browserstack.examples.tests.RunWebDriverCucumberTests" name="feature" time="44.731"/>
  <testcase classname="com.browserstack.examples.tests.RunWebDriverCucumberTests" name="feature" time="51.222"/>
  <testcase classname="com.browserstack.examples.tests.RunWebDriverCucumberTests" name="feature" time="21.637"/>
  <testcase classname="com.browserstack.examples.tests.RunWebDriverCucumberTests" name="feature" time="31.85"/>
  <testcase classname="com.browserstack.examples.tests.RunWebDriverCucumberTests" name="feature" time="24.66"/>
  <testcase classname="com.browserstack.examples.tests.RunWebDriverCucumberTests" name="feature" time="15.214"/>
  <testcase classname="com.browserstack.examples.tests.RunWebDriverCucumberTests" name="feature" time="27.185"/>
  <testcase classname="com.browserstack.examples.tests.RunWebDriverCucumberTests" name="feature" time="24.447"/>
  <testcase classname="com.browserstack.examples.tests.RunWebDriverCucumberTests" name="feature" time="35.104"/>
  <testcase classname="com.browserstack.examples.tests.RunWebDriverCucumberTests" name="feature" time="43.374"/>
  <testcase classname="com.browserstack.examples.tests.RunWebDriverCucumberTests" name="feature" time="40.162"/>
</testsuite> <!-- Cucumber Tests -->
